<?xml version="1.0" encoding="UTF-8"?>
<!-- Generated by org.testng.reporters.JUnitReportReporter -->
<testsuite hostname="DESKTOP-CTP1482" failures="0" tests="1" name="testng.Testcase2" time="11.237" errors="0" timestamp="2022-10-10T02:58:35 GMT-07:00" skipped="0">
  <testcase classname="testng.Testcase2" name="forgotpassword" time="11.237"/>
  <system-out>
    <![CDATA[actiTIME - Login
https://demo.actitime.com/login.do]]>
  </system-out>
</testsuite> <!-- testng.Testcase2 -->
