<?xml version="1.0" encoding="UTF-8"?>
<!-- Generated by org.testng.reporters.JUnitReportReporter -->
<testsuite hostname="DESKTOP-CTP1482" failures="0" tests="1" name="testng.Test0" time="0.013" errors="0" timestamp="2022-10-07T20:52:15 GMT-07:00" skipped="0">
  <testcase classname="testng.Test0" name="demo" time="0.013"/>
  <system-out>
    <![CDATA[hello selenium
hello java]]>
  </system-out>
</testsuite> <!-- testng.Test0 -->
