<?xml version="1.0" encoding="UTF-8"?>
<!-- Generated by org.testng.reporters.JUnitReportReporter -->
<testsuite hostname="DESKTOP-CTP1482" failures="0" tests="6" name="testng.Test1" time="0.023" errors="0" timestamp="2022-10-07T21:08:13 GMT-07:00" skipped="1">
  <testcase classname="testng.Test1" name="calls" time="0.002"/>
  <system-out>
    <![CDATA[calls]]>
  </system-out>
  <testcase classname="testng.Test1" name="calls" time="0.001"/>
  <system-out>
    <![CDATA[calls]]>
  </system-out>
  <testcase classname="testng.Test1" name="calls" time="0.013"/>
  <system-out>
    <![CDATA[calls]]>
  </system-out>
  <testcase classname="testng.Test1" name="calls" time="0.004"/>
  <system-out>
    <![CDATA[calls]]>
  </system-out>
  <testcase classname="testng.Test1" name="chats" time="0.003"/>
  <system-out>
    <![CDATA[chats]]>
  </system-out>
  <testcase classname="testng.Test1" name="settings">
    <skipped/>
  </testcase> <!-- settings -->
  <system-out/>
</testsuite> <!-- testng.Test1 -->
