<?xml version="1.0" encoding="UTF-8"?>
<!-- Generated by org.testng.reporters.JUnitReportReporter -->
<testsuite hostname="DESKTOP-CTP1482" failures="0" tests="1" name="testng.Testcase1" time="10.830" errors="0" timestamp="2022-10-12T01:23:01 GMT-07:00" skipped="0">
  <testcase classname="testng.Testcase1" name="login" time="10.830"/>
  <system-out>
    <![CDATA[actiTIME - Login
https://demo.actitime.com/login.do]]>
  </system-out>
</testsuite> <!-- testng.Testcase1 -->
